<?xml version="1.0" encoding="UTF-8"?>
<testsuite name="CalendarContextTest" tests="7" skipped="0" failures="0" errors="0" timestamp="2025-11-23T16:30:01" hostname="DISHITHAs-MacBook-Air.local" time="0.001">
  <properties/>
  <testcase name="testCurrentName_noCalendarSelected_returnsNull" classname="CalendarContextTest" time="0.001"/>
  <testcase name="testUse_nullName_throws" classname="CalendarContextTest" time="0.0"/>
  <testcase name="testCurrent_noCalendarInUse_throws" classname="CalendarContextTest" time="0.0"/>
  <testcase name="testCurrent_noCalendarSelected_throws" classname="CalendarContextTest" time="0.0"/>
  <testcase name="testUse_validName_succeeds" classname="CalendarContextTest" time="0.0"/>
  <testcase name="testConstructor_nullBook_throws" classname="CalendarContextTest" time="0.0"/>
  <testcase name="testUse_nonExistentCalendar_throws" classname="CalendarContextTest" time="0.0"/>
  <system-out><![CDATA[]]></system-out>
  <system-err><![CDATA[]]></system-err>
</testsuite>
