<?xml version="1.0" encoding="UTF-8"?>
<testsuite name="SeriesIndexTest" tests="7" skipped="0" failures="0" errors="0" timestamp="2025-11-23T16:30:02" hostname="DISHITHAs-MacBook-Air.local" time="0.001">
  <properties/>
  <testcase name="testReplaceStart_nonExistentSeries_createsNewSet" classname="SeriesIndexTest" time="0.001"/>
  <testcase name="testRemove_lastOccurrence_removesSeriesFromIndex" classname="SeriesIndexTest" time="0.0"/>
  <testcase name="testAdd_andStarts_basicFunctionality" classname="SeriesIndexTest" time="0.0"/>
  <testcase name="testRemove_seriesNotFound_doesNotThrow" classname="SeriesIndexTest" time="0.0"/>
  <testcase name="testRebuild_clearsExistingEntries" classname="SeriesIndexTest" time="0.0"/>
  <testcase name="testStarts_notFound_returnsNewListEachTime" classname="SeriesIndexTest" time="0.0"/>
  <testcase name="testReplaceStart_existingSeries_updatesCorrectly" classname="SeriesIndexTest" time="0.0"/>
  <system-out><![CDATA[]]></system-out>
  <system-err><![CDATA[]]></system-err>
</testsuite>
