<?xml version="1.0" encoding="UTF-8"?>
<testsuite name="HeadlessControllerTest" tests="2" skipped="0" failures="0" errors="0" timestamp="2025-11-23T16:30:02" hostname="DISHITHAs-MacBook-Air.local" time="0.001">
  <properties/>
  <testcase name="testHandleError_displayedWithLineNumber" classname="HeadlessControllerTest" time="0.001"/>
  <testcase name="testHandleMissingExit_displayedWhenNoExit" classname="HeadlessControllerTest" time="0.0"/>
  <system-out><![CDATA[]]></system-out>
  <system-err><![CDATA[]]></system-err>
</testsuite>
