<?xml version="1.0" encoding="UTF-8"?>
<testsuite name="AbstractCalendarControllerRunTest" tests="4" skipped="0" failures="0" errors="0" timestamp="2025-11-23T16:30:01" hostname="DISHITHAs-MacBook-Air.local" time="0.003">
  <properties/>
  <testcase name="testHeadless_badLine_reportsError" classname="AbstractCalendarControllerRunTest" time="0.002"/>
  <testcase name="testInteractive_exitImmediately" classname="AbstractCalendarControllerRunTest" time="0.0"/>
  <testcase name="testHeadless_missingExit" classname="AbstractCalendarControllerRunTest" time="0.0"/>
  <testcase name="testInteractive_blankThenExit" classname="AbstractCalendarControllerRunTest" time="0.001"/>
  <system-out><![CDATA[]]></system-out>
  <system-err><![CDATA[]]></system-err>
</testsuite>
