<?xml version="1.0" encoding="UTF-8"?>
<testsuite name="CommandParserTest" tests="76" skipped="0" failures="0" errors="0" timestamp="2025-11-23T16:30:02" hostname="DISHITHAs-MacBook-Air.local" time="0.013">
  <properties/>
  <testcase name="testParseCreateCalendar_missingTimezone" classname="CommandParserTest" time="0.001"/>
  <testcase name="testParseWeekdays_sunday" classname="CommandParserTest" time="0.0"/>
  <testcase name="testParsePrintOn_usesDay" classname="CommandParserTest" time="0.0"/>
  <testcase name="testParseTimedCreate" classname="CommandParserTest" time="0.001"/>
  <testcase name="testParsePrintRange_usesRangeFields" classname="CommandParserTest" time="0.0"/>
  <testcase name="testEditQuotedSubjectAndQuotedValue" classname="CommandParserTest" time="0.0"/>
  <testcase name="testParseExport" classname="CommandParserTest" time="0.0"/>
  <testcase name="testInvalidEdit" classname="CommandParserTest" time="0.0"/>
  <testcase name="testParseCopyEvent_missingOn_throws" classname="CommandParserTest" time="0.0"/>
  <testcase name="testParseCreateEvent_unquotedSubject_withOn" classname="CommandParserTest" time="0.0"/>
  <testcase name="testParseAllDayRepeating" classname="CommandParserTest" time="0.0"/>
  <testcase name="testEditMissingRest" classname="CommandParserTest" time="0.0"/>
  <testcase name="testCreateTimedEventRepeatsUntil" classname="CommandParserTest" time="0.0"/>
  <testcase name="testParseCreateEvent_noKeywords_throws" classname="CommandParserTest" time="0.0"/>
  <testcase name="testParseCopyOnDate_quotedCalendar" classname="CommandParserTest" time="0.001"/>
  <testcase name="testParseEditCalendar_invalidProperty" classname="CommandParserTest" time="0.0"/>
  <testcase name="testParseCreateCalendar" classname="CommandParserTest" time="0.0"/>
  <testcase name="testParseWeekdays_saturday" classname="CommandParserTest" time="0.001"/>
  <testcase name="testParseCreateEvent_quotedSubject_withOn" classname="CommandParserTest" time="0.0"/>
  <testcase name="testEditScopeFromToken_null_throws" classname="CommandParserTest" time="0.0"/>
  <testcase name="testParsePrintRange" classname="CommandParserTest" time="0.0"/>
  <testcase name="testCreateAllDayEventRepeatsUntilDate" classname="CommandParserTest" time="0.0"/>
  <testcase name="testParseCreateCalendar_noQuotes" classname="CommandParserTest" time="0.0"/>
  <testcase name="testParseUseCalendar_noQuotes" classname="CommandParserTest" time="0.0"/>
  <testcase name="testEditScopeFromToken_unknown_throws" classname="CommandParserTest" time="0.0"/>
  <testcase name="testParseUseCalendar" classname="CommandParserTest" time="0.0"/>
  <testcase name="testParseUseCalendar_missingName" classname="CommandParserTest" time="0.0"/>
  <testcase name="testInvalidPrintRange" classname="CommandParserTest" time="0.0"/>
  <testcase name="testExportCommand" classname="CommandParserTest" time="0.0"/>
  <testcase name="testParseCreateEvent_quotedSubject_withFrom" classname="CommandParserTest" time="0.001"/>
  <testcase name="testParseCreateEvent_noFromOrOn_throws" classname="CommandParserTest" time="0.0"/>
  <testcase name="testParseCreateEvent_invalidRemainingPart_throws" classname="CommandParserTest" time="0.0"/>
  <testcase name="testParseCopyBetween_invalidSyntax_throws" classname="CommandParserTest" time="0.0"/>
  <testcase name="testParseCopyOnDate_invalidSyntax_throws" classname="CommandParserTest" time="0.0"/>
  <testcase name="testParseCreateEvent_unquotedSubject_noFromOrOn_throws" classname="CommandParserTest" time="0.0"/>
  <testcase name="testParseCreateCalendar_missingName" classname="CommandParserTest" time="0.0"/>
  <testcase name="testCreateAllDayEventRepeatsUntilIncompleteSyntax" classname="CommandParserTest" time="0.0"/>
  <testcase name="testParseDateTime_invalidFormat_throws" classname="CommandParserTest" time="0.0"/>
  <testcase name="testParseEditCalendar_timezone" classname="CommandParserTest" time="0.0"/>
  <testcase name="testEditUnclosedQuotedSubject" classname="CommandParserTest" time="0.0"/>
  <testcase name="testParseCreateEvent_remainingInvalidSyntax_throws" classname="CommandParserTest" time="0.001"/>
  <testcase name="testParseEditCalendar_missingName" classname="CommandParserTest" time="0.0"/>
  <testcase name="testCreateTimedBadDateTimeFormat" classname="CommandParserTest" time="0.0"/>
  <testcase name="testParseWhitespaceOnly" classname="CommandParserTest" time="0.0"/>
  <testcase name="testParseEditCalendar_missingProperty" classname="CommandParserTest" time="0.0"/>
  <testcase name="testParseWeekdays_nullToken_throws" classname="CommandParserTest" time="0.0"/>
  <testcase name="testParseTimedEventInvalidSyntax" classname="CommandParserTest" time="0.0"/>
  <testcase name="testCreateAllDayEventInvalidSecondKeyword" classname="CommandParserTest" time="0.001"/>
  <testcase name="testParseWeekdays_invalidLetter" classname="CommandParserTest" time="0.0"/>
  <testcase name="testParseCopyEvent_unquotedNames" classname="CommandParserTest" time="0.0"/>
  <testcase name="testParseNullCommand" classname="CommandParserTest" time="0.001"/>
  <testcase name="testEditBadDateTime" classname="CommandParserTest" time="0.0"/>
  <testcase name="testParseWeekdays_weekend" classname="CommandParserTest" time="0.0"/>
  <testcase name="testEditScopeFromToken_events" classname="CommandParserTest" time="0.0"/>
  <testcase name="testParseCreateEvent_invalidSyntax_throws" classname="CommandParserTest" time="0.0"/>
  <testcase name="testParseCreateEvent_unclosedQuote_throws" classname="CommandParserTest" time="0.0"/>
  <testcase name="testParseWeekdays_emptyToken_throws" classname="CommandParserTest" time="0.0"/>
  <testcase name="testCreateAllDayEventWithQuotedSubject" classname="CommandParserTest" time="0.0"/>
  <testcase name="testParseCopyEvent_quotedName" classname="CommandParserTest" time="0.001"/>
  <testcase name="testEditMissingFromForUnquotedSubject" classname="CommandParserTest" time="0.0"/>
  <testcase name="testEditScopeFromToken_series" classname="CommandParserTest" time="0.0"/>
  <testcase name="testCreateSimpleAllDayEvent" classname="CommandParserTest" time="0.0"/>
  <testcase name="testEditScopeFromToken_event" classname="CommandParserTest" time="0.0"/>
  <testcase name="testEditScopeFromToken_caseInsensitive" classname="CommandParserTest" time="0.0"/>
  <testcase name="testParseCopyEvent_invalidSyntax_throws" classname="CommandParserTest" time="0.0"/>
  <testcase name="testParseCopyEvent_unclosedQuote_throws" classname="CommandParserTest" time="0.0"/>
  <testcase name="testParseCreateEvent_unquotedSubject_withFrom" classname="CommandParserTest" time="0.0"/>
  <testcase name="testCreateAllDayEventRepeatsForOccurrences" classname="CommandParserTest" time="0.001"/>
  <testcase name="testParseEditCalendar_name" classname="CommandParserTest" time="0.0"/>
  <testcase name="testEditMissingWithClause" classname="CommandParserTest" time="0.0"/>
  <testcase name="testCreateAllDayEventInvalidRepeatsSyntax" classname="CommandParserTest" time="0.0"/>
  <testcase name="testCreateAllDayEventRepeatsForIncompleteSyntax" classname="CommandParserTest" time="0.0"/>
  <testcase name="testCreateAllDayBadDateFormat" classname="CommandParserTest" time="0.0"/>
  <testcase name="testParseCreateEvent_quotedSubject_unclosedQuote_throws" classname="CommandParserTest" time="0.0"/>
  <testcase name="testCreateTimedEvent" classname="CommandParserTest" time="0.0"/>
  <testcase name="testCreateTimedEventRepeatsFor" classname="CommandParserTest" time="0.0"/>
  <system-out><![CDATA[]]></system-out>
  <system-err><![CDATA[]]></system-err>
</testsuite>
